0 info it worked if it ends with ok
1 verbose cli [ 'node', '/usr/local/bin/npm', 'install', '.', '-g' ]
2 info using npm@1.3.5
3 info using node@v0.10.15
4 verbose cache add [ '.', null ]
5 verbose cache add name=undefined spec="." args=[".",null]
6 verbose parsed url { protocol: null,
6 verbose parsed url   slashes: null,
6 verbose parsed url   auth: null,
6 verbose parsed url   host: null,
6 verbose parsed url   port: null,
6 verbose parsed url   hostname: null,
6 verbose parsed url   hash: null,
6 verbose parsed url   search: null,
6 verbose parsed url   query: null,
6 verbose parsed url   pathname: '.',
6 verbose parsed url   path: '.',
6 verbose parsed url   href: '.' }
7 silly lockFile 3a52ce78- .
8 verbose lock . /Users/Scott/.npm/3a52ce78-.lock
9 verbose tar pack [ '/Users/Scott/tmp/npm-85493-OLxSSmyr/1376859500713-0.4681152964476496/tmp.tgz',
9 verbose tar pack   '.' ]
10 verbose tarball /Users/Scott/tmp/npm-85493-OLxSSmyr/1376859500713-0.4681152964476496/tmp.tgz
11 verbose folder .
12 info prepublish audiospriteplus@0.2.1
13 silly lockFile 1f1177db-tar tar://.
14 verbose lock tar://. /Users/Scott/.npm/1f1177db-tar.lock
15 silly lockFile 630327f7-00713-0-4681152964476496-tmp-tgz tar:///Users/Scott/tmp/npm-85493-OLxSSmyr/1376859500713-0.4681152964476496/tmp.tgz
16 verbose lock tar:///Users/Scott/tmp/npm-85493-OLxSSmyr/1376859500713-0.4681152964476496/tmp.tgz /Users/Scott/.npm/630327f7-00713-0-4681152964476496-tmp-tgz.lock
17 silly lockFile 1f1177db-tar tar://.
18 silly lockFile 1f1177db-tar tar://.
19 silly lockFile 630327f7-00713-0-4681152964476496-tmp-tgz tar:///Users/Scott/tmp/npm-85493-OLxSSmyr/1376859500713-0.4681152964476496/tmp.tgz
20 silly lockFile 630327f7-00713-0-4681152964476496-tmp-tgz tar:///Users/Scott/tmp/npm-85493-OLxSSmyr/1376859500713-0.4681152964476496/tmp.tgz
21 verbose tar unpack /Users/Scott/tmp/npm-85493-OLxSSmyr/1376859500713-0.4681152964476496/tmp.tgz
22 silly lockFile 828ba156-00713-0-4681152964476496-package tar:///Users/Scott/tmp/npm-85493-OLxSSmyr/1376859500713-0.4681152964476496/package
23 verbose lock tar:///Users/Scott/tmp/npm-85493-OLxSSmyr/1376859500713-0.4681152964476496/package /Users/Scott/.npm/828ba156-00713-0-4681152964476496-package.lock
24 silly lockFile 630327f7-00713-0-4681152964476496-tmp-tgz tar:///Users/Scott/tmp/npm-85493-OLxSSmyr/1376859500713-0.4681152964476496/tmp.tgz
25 verbose lock tar:///Users/Scott/tmp/npm-85493-OLxSSmyr/1376859500713-0.4681152964476496/tmp.tgz /Users/Scott/.npm/630327f7-00713-0-4681152964476496-tmp-tgz.lock
26 silly gunzTarPerm modes [ '755', '644' ]
27 silly gunzTarPerm extractEntry package.json
28 silly gunzTarPerm extractEntry .npmignore
29 silly gunzTarPerm extractEntry README.md
30 silly gunzTarPerm extractEntry LICENSE
31 silly gunzTarPerm extractEntry audiosprite.js
32 silly gunzTarPerm extractEntry audiospriteplus.js
33 silly gunzTarPerm extractEntry .travis.yml
34 silly gunzTarPerm extractEntry test/test.js
35 silly gunzTarPerm extractEntry test/sounds/beep.mp3
36 silly gunzTarPerm extractEntry test/sounds/boop.wav
37 silly lockFile 828ba156-00713-0-4681152964476496-package tar:///Users/Scott/tmp/npm-85493-OLxSSmyr/1376859500713-0.4681152964476496/package
38 silly lockFile 828ba156-00713-0-4681152964476496-package tar:///Users/Scott/tmp/npm-85493-OLxSSmyr/1376859500713-0.4681152964476496/package
39 silly lockFile 630327f7-00713-0-4681152964476496-tmp-tgz tar:///Users/Scott/tmp/npm-85493-OLxSSmyr/1376859500713-0.4681152964476496/tmp.tgz
40 silly lockFile 630327f7-00713-0-4681152964476496-tmp-tgz tar:///Users/Scott/tmp/npm-85493-OLxSSmyr/1376859500713-0.4681152964476496/tmp.tgz
41 verbose tar pack [ '/Users/Scott/.npm/audiospriteplus/0.2.1/package.tgz',
41 verbose tar pack   '/Users/Scott/tmp/npm-85493-OLxSSmyr/1376859500713-0.4681152964476496/package' ]
42 verbose tarball /Users/Scott/.npm/audiospriteplus/0.2.1/package.tgz
43 verbose folder /Users/Scott/tmp/npm-85493-OLxSSmyr/1376859500713-0.4681152964476496/package
44 silly lockFile 828ba156-00713-0-4681152964476496-package tar:///Users/Scott/tmp/npm-85493-OLxSSmyr/1376859500713-0.4681152964476496/package
45 verbose lock tar:///Users/Scott/tmp/npm-85493-OLxSSmyr/1376859500713-0.4681152964476496/package /Users/Scott/.npm/828ba156-00713-0-4681152964476496-package.lock
46 silly lockFile e3e73dea-udiospriteplus-0-2-1-package-tgz tar:///Users/Scott/.npm/audiospriteplus/0.2.1/package.tgz
47 verbose lock tar:///Users/Scott/.npm/audiospriteplus/0.2.1/package.tgz /Users/Scott/.npm/e3e73dea-udiospriteplus-0-2-1-package-tgz.lock
48 silly lockFile 828ba156-00713-0-4681152964476496-package tar:///Users/Scott/tmp/npm-85493-OLxSSmyr/1376859500713-0.4681152964476496/package
49 silly lockFile 828ba156-00713-0-4681152964476496-package tar:///Users/Scott/tmp/npm-85493-OLxSSmyr/1376859500713-0.4681152964476496/package
50 silly lockFile e3e73dea-udiospriteplus-0-2-1-package-tgz tar:///Users/Scott/.npm/audiospriteplus/0.2.1/package.tgz
51 silly lockFile e3e73dea-udiospriteplus-0-2-1-package-tgz tar:///Users/Scott/.npm/audiospriteplus/0.2.1/package.tgz
52 silly lockFile ae5c1b65-pm-audiospriteplus-0-2-1-package /Users/Scott/.npm/audiospriteplus/0.2.1/package
53 verbose lock /Users/Scott/.npm/audiospriteplus/0.2.1/package /Users/Scott/.npm/ae5c1b65-pm-audiospriteplus-0-2-1-package.lock
54 silly lockFile ae5c1b65-pm-audiospriteplus-0-2-1-package /Users/Scott/.npm/audiospriteplus/0.2.1/package
55 silly lockFile ae5c1b65-pm-audiospriteplus-0-2-1-package /Users/Scott/.npm/audiospriteplus/0.2.1/package
56 verbose tar unpack /Users/Scott/.npm/audiospriteplus/0.2.1/package.tgz
57 silly lockFile c83c4c0b-pm-audiospriteplus-0-2-1-package tar:///Users/Scott/.npm/audiospriteplus/0.2.1/package
58 verbose lock tar:///Users/Scott/.npm/audiospriteplus/0.2.1/package /Users/Scott/.npm/c83c4c0b-pm-audiospriteplus-0-2-1-package.lock
59 silly lockFile e3e73dea-udiospriteplus-0-2-1-package-tgz tar:///Users/Scott/.npm/audiospriteplus/0.2.1/package.tgz
60 verbose lock tar:///Users/Scott/.npm/audiospriteplus/0.2.1/package.tgz /Users/Scott/.npm/e3e73dea-udiospriteplus-0-2-1-package-tgz.lock
61 silly gunzTarPerm modes [ '755', '644' ]
62 silly gunzTarPerm extractEntry package.json
63 silly gunzTarPerm extractEntry .npmignore
64 silly gunzTarPerm extractEntry README.md
65 silly gunzTarPerm extractEntry LICENSE
66 silly gunzTarPerm extractEntry audiosprite.js
67 silly gunzTarPerm extractEntry audiospriteplus.js
68 silly gunzTarPerm extractEntry .travis.yml
69 silly gunzTarPerm extractEntry test/test.js
70 silly gunzTarPerm extractEntry test/sounds/beep.mp3
71 silly gunzTarPerm extractEntry test/sounds/boop.wav
72 silly lockFile c83c4c0b-pm-audiospriteplus-0-2-1-package tar:///Users/Scott/.npm/audiospriteplus/0.2.1/package
73 silly lockFile c83c4c0b-pm-audiospriteplus-0-2-1-package tar:///Users/Scott/.npm/audiospriteplus/0.2.1/package
74 silly lockFile e3e73dea-udiospriteplus-0-2-1-package-tgz tar:///Users/Scott/.npm/audiospriteplus/0.2.1/package.tgz
75 silly lockFile e3e73dea-udiospriteplus-0-2-1-package-tgz tar:///Users/Scott/.npm/audiospriteplus/0.2.1/package.tgz
76 verbose chmod /Users/Scott/.npm/audiospriteplus/0.2.1/package.tgz 644
77 verbose chown /Users/Scott/.npm/audiospriteplus/0.2.1/package.tgz [ 501, 20 ]
78 silly lockFile 3a52ce78- .
79 silly lockFile 3a52ce78- .
80 silly resolved [ { name: 'audiospriteplus',
80 silly resolved     description: 'Concat small audio files into single file and export in many formats. Export JSON config files for multiple JS sound libraries.',
80 silly resolved     keywords: [ 'audio', 'audio-sprite', 'jukebox', 'ffmpeg' ],
80 silly resolved     author: { name: 'Tõnis Tiigi', email: 'tonistiigi@gmail.com' },
80 silly resolved     version: '0.2.1',
80 silly resolved     licenses: [ [Object] ],
80 silly resolved     repository:
80 silly resolved      { type: 'git',
80 silly resolved        url: 'git://github.com/mcscooter/audiosprite.git' },
80 silly resolved     main: './audiospriteplus.js',
80 silly resolved     bin: { audiospriteplus: './audiospriteplus.js' },
80 silly resolved     dependencies:
80 silly resolved      { optimist: '~0.3.4',
80 silly resolved        winston: '~0.6.2',
80 silly resolved        underscore: '~1.3.3',
80 silly resolved        async: '~0.1.22' },
80 silly resolved     devDependencies: { mocha: '~1.4.2' },
80 silly resolved     engines: { node: '>=0.8' },
80 silly resolved     optionalDependencies: {},
80 silly resolved     scripts: { test: 'mocha' },
80 silly resolved     readme: '[![Build Status](https://secure.travis-ci.org/tonistiigi/audiosprite.png)](http://travis-ci.org/tonistiigi/audiosprite)\n\n### What?\n\nThis is a `ffmpeg` wrapper that will take in **multiple audio files** and combines them **into a single file**. Silent gaps will be put between the parts so that every new part starts from full second and there is at least 1 second pause between every part. The final file will be exported in `mp3`, `ogg`, `ac3`, `m4a` and `caf`(IMA-ADPCM) to support as many devices as possible. This tool will also generate a `JSON` file that is compatible with [zynga/jukebox](https://github.com/zynga/jukebox) framework.\n\n### Why?\n\niOS, Windows Phone and some Android phones have very limited HTML5 audio support. They only support playing single file at a time and loading in new files requires user interaction and has a big latency. To overcome this there is a technique to combine all audio into single file and only play/loop certain parts of that file. [zynga/jukebox](https://github.com/zynga/jukebox) is a audio framework that uses this technique.  [digitalfruit/limejs](https://github.com/digitalfruit/limejs) is a HTML5 game framework that includes Jukebox and lets you add audio to your games using audio sprites.\n\n###Installation\n\n```\nnpm install -g audiosprite\n```\n\n#### Hints for Windows users\n\n- You need to install [Node.js](https://www.nodejs.org/)\n- Use [Git Bash](http://git-scm.com/download/win) instead of Command Line or Powershell\n- Download [ffmpeg](http://ffmpeg.zeranoe.com/builds/) and include it in your path `export PATH=$PATH:path/to/ffmpeg/bin`\n- IMA-ADPCM(the fastest iPhone format) will only be generated if you are using OSX.\n\n###Usage\n\n```\n> audiosprite --help\ninfo: Usage: audiosprite [options] file1.mp3 file2.mp3 *.wav\ninfo: Options:\n  --output, -o      Name for the output file.                                    [default: "output"]\n  --export, -e      Limit exported file types. Comma separated extension list.   [default: ""]\n  --log, -l         Log level (debug, info, notice, warning, error).             [default: "info"]\n  --autoplay, -a    Autoplay sprite name                                         [default: null]\n  --silence, -s     Add special "silence" track with specified duration.         [default: 0]\n  --samplerate, -r  Sample rate.                                                 [default: 44100]\n  --channels, -c    Number of channels (1=mono, 2=stereo).                       [default: 1]\n  --rawparts, -p    Include raw slices(for Web Audio API) in specified formats.  [default: ""]\n  --help, -h        Show this help message.\n\n\n> audiosprite --autoplay bg_loop --output mygameaudio bg_loop.wav *.mp3\ninfo: File added OK file=bg_loop.wav\ninfo: 1.25s silence gap added OK\ninfo: File added OK file=click.mp3\ninfo: 1.70s silence gap added OK\ninfo: Exported caf OK file=mygameaudio.caf\ninfo: Exported ac3 OK file=mygameaudio.ac3\ninfo: Exported mp3 OK file=mygameaudio.mp3\ninfo: Exported m4a OK file=mygameaudio.m4a\ninfo: Exported ogg OK file=mygameaudio.ogg\ninfo: Exported json OK file=mygameaudio.json\ninfo: All done\n\n\n> cat mygameaudio.json\n{\n  "resources": [\n    "mygameaudio.caf",\n    "mygameaudio.ac3",\n    "mygameaudio.mp3",\n    "mygameaudio.m4a",\n    "mygameaudio.ogg"\n  ],\n  "spritemap": {\n    "bg_loop": {\n      "start": 0,\n      "end": 3.75,\n      "loop": true\n    },\n    "click": {\n      "start": 5,\n      "end": 5.3,\n      "loop": false\n    }\n  },\n  "autoplay": "bg_loop"\n}\n```\n\n####Setting autoplay track\n\nYou can use `--autoplay` option to set a track that will start playing automatically. This track is then marked as autoplay and looping in the JSON. This syntax is Jukebox framework specific.\n\n####Custom silent track\n\nOn some cases starting and pausing a file has bigger latency than just setting playhead position. You may get better results if your file is always playing. `--silence <duration>` option will generate extra track named *silence* that you can play instead of pausing the file.\n\n####Usage with [zynga/jukebox](https://github.com/zynga/jukebox) framework.\n\nGenerated JSON file can be passed straight into `jukebox.Player` constructor. Check out Jukebox documentation/demos for more info.\n\n```javascript\nvar settings = {/* JSON generated by audiosprite*/};\n...\n// This part needs to be in user event callback.\nvar myPlayer = new jukebox.Player(settings);\n...\nmyPlayer.play(\'click\');\n```\n\n####Usage with [digitalfruit/limejs](https://github.com/digitalfruit/limejs) framework.\n\nFirst generate LimeJS asset from the JSON file that you can require inside your code.\n\n```\n> bin/lime.py gensoy path/to/mygameaudio.json\n```\n\nThen use `AudioMap` class to play the file.\n\n```javascript\ngoog.require(\'lime.audio.AudioMap\');\ngoog.require(\'lime.ASSETS.mygameaudio.json\');\n\nvar audio = new lime.audio.AudioMap(lime.ASSETS.mygameaudio.json);\n...\naudio.play(\'click\');\n```\n\n*Don\'t forget to use the `--rawparts=mp3` option to benefit from the LimeJS feature to automatically switch to Web Audio API when it\'s supported by the client.*\n\n',
80 silly resolved     readmeFilename: 'README.md',
80 silly resolved     bugs: { url: 'https://github.com/mcscooter/audiosprite/issues' },
80 silly resolved     _id: 'audiospriteplus@0.2.1',
80 silly resolved     dist: { shasum: '8ff313494eda4e8885b69ef481618b9700a420a0' },
80 silly resolved     _from: '.' } ]
81 info install audiospriteplus@0.2.1 into /usr/local/lib
82 info installOne audiospriteplus@0.2.1
83 info /usr/local/lib/node_modules/audiospriteplus unbuild
84 info preuninstall audiospriteplus@0.2.1
85 info uninstall audiospriteplus@0.2.1
86 verbose true,/usr/local/lib/node_modules,/usr/local/lib/node_modules unbuild audiospriteplus@0.2.1
87 verbose /usr/local/bin,[object Object] binRoot
88 info /usr/local/lib/node_modules/audiospriteplus unbuild
89 info preuninstall audiospriteplus@0.2.1
90 info uninstall audiospriteplus@0.2.1
91 verbose true,/usr/local/lib/node_modules,/usr/local/lib/node_modules unbuild audiospriteplus@0.2.1
92 verbose /usr/local/bin,[object Object] binRoot
93 error error rolling back Error: Refusing to delete: /usr/local/bin/audiosprite not in /usr/local/lib/node_modules/audiospriteplus
93 error error rolling back     at clobberFail (/usr/local/lib/node_modules/npm/lib/utils/gently-rm.js:41:12)
93 error error rolling back     at next (/usr/local/lib/node_modules/npm/lib/utils/gently-rm.js:27:14)
93 error error rolling back     at /usr/local/lib/node_modules/npm/lib/utils/gently-rm.js:36:12
93 error error rolling back     at Object.oncomplete (fs.js:107:15)
93 error error rolling back  audiospriteplus@0.2.1 { [Error: Refusing to delete: /usr/local/bin/audiosprite not in /usr/local/lib/node_modules/audiospriteplus] code: 'EEXIST', path: '/usr/local/bin/audiosprite' }
94 error Refusing to delete: /usr/local/bin/audiosprite not in /usr/local/lib/node_modules/audiospriteplus
File exists: /usr/local/bin/audiosprite
Move it away, and try again.
95 error System Darwin 11.4.2
96 error command "node" "/usr/local/bin/npm" "install" "." "-g"
97 error cwd /Users/Scott/Documents/audiospriteplus/audiosprite
98 error node -v v0.10.15
99 error npm -v 1.3.5
100 error path /usr/local/bin/audiosprite
101 error code EEXIST
102 verbose exit [ 1, true ]
